<?xml version="1.0" encoding="UTF-8"?>
<testng-results skipped="0" failed="0" ignored="0" total="3" passed="3">
  <reporter-output>
  </reporter-output>
  <suite name="All Test Suite" duration-ms="86168" started-at="2020-11-08T15:08:10Z" finished-at="2020-11-08T15:09:36Z">
    <groups>
    </groups>
    <test name="/Users/shankarsk/IdeaProjects/AppiumFramework" duration-ms="86168" started-at="2020-11-08T15:08:10Z" finished-at="2020-11-08T15:09:36Z">
      <class name="Practise.ApiDemo">
        <test-method status="PASS" signature="apidemo(java.lang.String)[pri:0, instance:Practise.ApiDemo@5b275dab]" name="apidemo" duration-ms="28714" started-at="2020-11-08T15:08:10Z" data-provider="getData" finished-at="2020-11-08T15:08:39Z">
          <params>
            <param index="0">
              <value>
                <![CDATA[sddgdgdd]]>
              </value>
            </param>
          </params>
          <reporter-output>
          </reporter-output>
        </test-method> <!-- apidemo -->
        <test-method status="PASS" signature="apidemo(java.lang.String)[pri:0, instance:Practise.ApiDemo@5b275dab]" name="apidemo" duration-ms="23681" started-at="2020-11-08T15:08:39Z" data-provider="getData" finished-at="2020-11-08T15:09:02Z">
          <params>
            <param index="0">
              <value>
                <![CDATA[@###^#@!^^!#]]>
              </value>
            </param>
          </params>
          <reporter-output>
          </reporter-output>
        </test-method> <!-- apidemo -->
      </class> <!-- Practise.ApiDemo -->
      <class name="Practise.Ecomerce_tc_04">
        <test-method status="PASS" signature="killAllNodes()[pri:0, instance:Practise.Ecomerce_tc_04@523884b2]" name="killAllNodes" is-config="true" duration-ms="11" started-at="2020-11-08T15:08:10Z" finished-at="2020-11-08T15:08:10Z">
          <reporter-output>
          </reporter-output>
        </test-method> <!-- killAllNodes -->
        <test-method status="PASS" signature="totalvalidation()[pri:0, instance:Practise.Ecomerce_tc_04@523884b2]" name="totalvalidation" duration-ms="33743" started-at="2020-11-08T15:09:02Z" finished-at="2020-11-08T15:09:36Z">
          <reporter-output>
          </reporter-output>
        </test-method> <!-- totalvalidation -->
      </class> <!-- Practise.Ecomerce_tc_04 -->
    </test> <!-- /Users/shankarsk/IdeaProjects/AppiumFramework -->
  </suite> <!-- All Test Suite -->
</testng-results>
