<?xml version="1.0" encoding="UTF-8"?>
<!-- Generated by org.testng.reporters.JUnitXMLReporter -->
<testsuite hostname="Loaners-MacBook-Pro.local" ignored="0" name="/Users/shankarsk/IdeaProjects/AppiumFramework" tests="3" failures="0" timestamp="08 Nov 2020 15:09:41 GMT" time="86.168" errors="0">
  <testcase name="apidemo" time="28.714" classname="Practise.ApiDemo"/>
  <testcase name="apidemo" time="23.681" classname="Practise.ApiDemo"/>
  <testcase name="totalvalidation" time="33.743" classname="Practise.Ecomerce_tc_04"/>
</testsuite> <!-- /Users/shankarsk/IdeaProjects/AppiumFramework -->
